PIPELINE_VERSION: 4.4.2-Origin
--- INFRASTRUCTURE ---
{
    "os": "Windows",
    "python": "3.13.3",
    "device": "NVIDIA GeForce RTX 3060 Laptop GPU",
    "vram_total": "6.44 GB"
}
[TIMER] Phase 'data_infrastructure' completed in 0.01s
[TIMER] Phase 'data_cleaning' completed in 0.00s
--- TOKENIZER ---
{
    "vocab_size": 20000,
    "status": "REUSED",
    "duration": "0.00s"
}
Epoch 01 | Loss: 7.2972 | Val: 7.3937 | LR: 0.000052 | Time: 840.97s
Epoch 02 | Loss: 6.7632 | Val: 7.4045 | LR: 0.000140 | Time: 768.78s
Epoch 03 | Loss: 6.6398 | Val: 7.3648 | LR: 0.000260 | Time: 767.30s
Epoch 04 | Loss: 6.5485 | Val: 7.2981 | LR: 0.000380 | Time: 769.24s
Epoch 05 | Loss: 6.3470 | Val: 7.2560 | LR: 0.000468 | Time: 765.01s
Epoch 06 | Loss: 6.1262 | Val: 7.2421 | LR: 0.000500 | Time: 768.84s
Epoch 07 | Loss: 5.9013 | Val: 7.2430 | LR: 0.000494 | Time: 768.62s
Epoch 08 | Loss: 5.6733 | Val: 7.2797 | LR: 0.000475 | Time: 768.87s
Epoch 09 | Loss: 5.4595 | Val: 7.3312 | LR: 0.000445 | Time: 767.52s
Epoch 10 | Loss: 5.2415 | Val: 7.3872 | LR: 0.000406 | Time: 770.52s
Epoch 11 | Loss: 5.0439 | Val: 7.4508 | LR: 0.000358 | Time: 770.41s
Epoch 12 | Loss: 4.8450 | Val: 7.5002 | LR: 0.000306 | Time: 765.42s
Epoch 13 | Loss: 4.6781 | Val: 7.5514 | LR: 0.000250 | Time: 766.22s
Epoch 14 | Loss: 4.5235 | Val: 7.6091 | LR: 0.000194 | Time: 768.85s
Epoch 15 | Loss: 4.3778 | Val: 7.6434 | LR: 0.000141 | Time: 770.74s
Epoch 16 | Loss: 4.2574 | Val: 7.6887 | LR: 0.000094 | Time: 777.45s
Epoch 17 | Loss: 4.1638 | Val: 7.7172 | LR: 0.000055 | Time: 779.72s
Epoch 18 | Loss: 4.0974 | Val: 7.7350 | LR: 0.000025 | Time: 777.06s
Epoch 19 | Loss: 4.0612 | Val: 7.7497 | LR: 0.000006 | Time: 772.90s
Epoch 20 | Loss: 4.0377 | Val: 7.7519 | LR: 0.000000 | Time: 775.59s
[TIMER] Phase 'model_training' completed in 16463.22s
[TIMER] Phase 'evaluation_fast' completed in 24.77s

--- FINAL EVALUATION (FAST) ---
{
    "file": "20260201_2100_lstm_bahdanau_sub50000.pt",
    "model": "lstm_bahdanau",
    "bleu": 0.004410101620601937,
    "rougeL": 0.17816321434074378,
    "eval_mode": "fast"
}

--- ALL PHASE DURATIONS ---
{
    "data_infrastructure": "0.01s",
    "data_cleaning": "0.00s",
    "model_training": "16463.22s",
    "evaluation_fast": "24.77s",
    "total_execution": "4:35:09.396814"
}

--- FINISHED ---
Total Duration: 4:35:09.396814
