--- INFRASTRUCTURE ---
{
    "os": "Windows",
    "python": "3.9.18",
    "device": "NVIDIA GeForce RTX 3070 Laptop GPU",
    "vram_total": "8.59 GB"
}
[TIMER] Phase 'data_infrastructure' completed in 0.01s
--- TOKENIZER ---
{
    "vocab_size": 20000,
    "status": "REUSED",
    "duration": "0.00s"
}
Epoch 01 | Loss: 6.2743 | Val: 4.8083 | LR: 0.000034 | Time: 671.49s
Epoch 02 | Loss: 3.8010 | Val: 3.1868 | LR: 0.000076 | Time: 584.36s
Epoch 03 | Loss: 2.4048 | Val: 2.1786 | LR: 0.000140 | Time: 590.25s
Epoch 04 | Loss: 1.6529 | Val: 1.7158 | LR: 0.000218 | Time: 599.46s
Epoch 05 | Loss: 1.4200 | Val: 1.5739 | LR: 0.000302 | Time: 585.31s
Epoch 06 | Loss: 1.3669 | Val: 1.5273 | LR: 0.000380 | Time: 584.97s
Epoch 07 | Loss: 1.3643 | Val: 1.5532 | LR: 0.000444 | Time: 593.26s
Epoch 08 | Loss: 1.3463 | Val: 1.4939 | LR: 0.000486 | Time: 583.35s
Epoch 09 | Loss: 1.3366 | Val: 1.4873 | LR: 0.000500 | Time: 583.79s
Epoch 10 | Loss: 1.3340 | Val: 1.4796 | LR: 0.000497 | Time: 592.44s
Epoch 11 | Loss: 1.3330 | Val: 1.4776 | LR: 0.000489 | Time: 580.53s
Epoch 12 | Loss: 1.3636 | Val: 1.4945 | LR: 0.000475 | Time: 594.13s
Epoch 13 | Loss: 1.3354 | Val: 1.4799 | LR: 0.000457 | Time: 584.99s
Epoch 14 | Loss: 1.3309 | Val: 1.4739 | LR: 0.000433 | Time: 589.40s
Epoch 15 | Loss: 1.3290 | Val: 1.4736 | LR: 0.000406 | Time: 591.55s
Epoch 16 | Loss: 1.3279 | Val: 1.4699 | LR: 0.000375 | Time: 600.02s
Epoch 17 | Loss: 1.3269 | Val: 1.4689 | LR: 0.000341 | Time: 591.72s
Epoch 18 | Loss: 1.3261 | Val: 1.4679 | LR: 0.000306 | Time: 591.50s
Epoch 19 | Loss: 1.3253 | Val: 1.4670 | LR: 0.000269 | Time: 583.18s
Epoch 20 | Loss: 1.3247 | Val: 1.4675 | LR: 0.000231 | Time: 583.77s
Epoch 21 | Loss: 1.3240 | Val: 1.4647 | LR: 0.000194 | Time: 587.71s
Epoch 22 | Loss: 1.3234 | Val: 1.4640 | LR: 0.000159 | Time: 591.87s
Epoch 23 | Loss: 1.3229 | Val: 1.4634 | LR: 0.000125 | Time: 596.04s
Epoch 24 | Loss: 1.3225 | Val: 1.4643 | LR: 0.000094 | Time: 586.48s
Epoch 25 | Loss: 1.3222 | Val: 1.4636 | LR: 0.000067 | Time: 576.88s
Epoch 26 | Loss: 1.3220 | Val: 1.4632 | LR: 0.000043 | Time: 594.11s
Epoch 27 | Loss: 1.3218 | Val: 1.4612 | LR: 0.000025 | Time: 624.70s
Epoch 28 | Loss: 1.3217 | Val: 1.4604 | LR: 0.000011 | Time: 693.18s
Epoch 29 | Loss: 1.3216 | Val: 1.4612 | LR: 0.000003 | Time: 634.55s
Epoch 30 | Loss: 1.3216 | Val: 1.4617 | LR: 0.000000 | Time: 638.07s
[TIMER] Phase 'model_training' completed in 18835.13s
[TIMER] Phase 'evaluation_deep' completed in 875.57s

--- FINAL EVALUATION (DEEP) ---
{
    "file": "20260126_1449_transformer_sub50000.pt",
    "bleu": 0,
    "rougeL": 4.545454545454546e-05,
    "eval_mode": "deep"
}

--- ALL PHASE DURATIONS ---
{
    "data_infrastructure": "0.01s",
    "model_training": "18835.13s",
    "evaluation_deep": "875.57s",
    "total_execution": "5:28:59.809691"
}

--- FINISHED ---
Total Duration: 5:28:59.809691
