--- INFRASTRUCTURE ---
{
    "os": "Windows",
    "python": "3.13.9",
    "device": "cpu"
}
[TIMER] Phase 'data_infrastructure' completed in 0.01s
[TIMER] Phase 'data_cleaning' completed in 0.00s
--- TOKENIZER ---
{
    "vocab_size": 20000,
    "status": "REUSED",
    "duration": "0.00s"
}
Epoch 01 | Loss: 8.0812 | Val: 7.3454 | LR: 0.000392 | Time: 196.63s
Epoch 02 | Loss: 5.7337 | Val: 6.2720 | LR: 0.000001 | Time: 181.15s
[TIMER] Phase 'model_training' completed in 398.70s
[TIMER] Phase 'evaluation_instant' completed in 252.19s

--- FINAL EVALUATION (INSTANT) ---
{
    "file": "20260130_1510_transformer_sub1000.pt",
    "model": "transformer",
    "bleu": 7.425868202031366e-05,
    "rougeL": 0.006400825141804716,
    "eval_mode": "instant"
}

--- ALL PHASE DURATIONS ---
{
    "data_infrastructure": "0.01s",
    "data_cleaning": "0.00s",
    "model_training": "398.70s",
    "evaluation_instant": "252.19s",
    "total_execution": "0:10:51.450852"
}

--- FINISHED ---
Total Duration: 0:10:51.450852
