--- INFRASTRUCTURE ---
{
    "os": "Windows",
    "python": "3.13.9",
    "device": "cpu"
}
[TIMER] Phase 'data_infrastructure' completed in 0.01s
--- TOKENIZER ---
{
    "vocab_size": 20000,
    "status": "REUSED",
    "duration": "0.00s"
}
Epoch 01 | Loss: 10.1361 | Val: 9.9196 | LR: 0.000260 | Time: 2.73s
Epoch 02 | Loss: 9.7484 | Val: 9.6231 | LR: 0.000500 | Time: 2.98s
Epoch 03 | Loss: 8.8639 | Val: 9.3976 | LR: 0.000475 | Time: 2.91s
Epoch 04 | Loss: 8.3626 | Val: 9.2307 | LR: 0.000406 | Time: 2.76s

--- ALL PHASE DURATIONS ---
{
    "data_infrastructure": "0.01s",
    "total_execution": "0:00:17.269639"
}

--- FINISHED ---
Total Duration: 0:00:17.269639
