--- INFRASTRUCTURE ---
{
    "os": "Windows",
    "python": "3.9.18",
    "device": "NVIDIA GeForce RTX 3070 Laptop GPU",
    "vram_total": "8.59 GB"
}
[TIMER] Phase 'data_infrastructure' completed in 0.01s
--- TOKENIZER ---
{
    "vocab_size": 20000,
    "status": "REUSED",
    "duration": "0.00s"
}
Epoch 01 | Loss: 7.8573 | Val: 7.2807 | LR: 0.000034 | Time: 1740.64s
Epoch 02 | Loss: 6.9306 | Val: 7.2504 | LR: 0.000076 | Time: 1631.78s
Epoch 03 | Loss: 6.8173 | Val: 7.0504 | LR: 0.000140 | Time: 1788.60s
Epoch 04 | Loss: 6.4731 | Val: 6.7013 | LR: 0.000218 | Time: 2546.60s
Epoch 05 | Loss: 5.9290 | Val: 6.1452 | LR: 0.000302 | Time: 2408.37s
Epoch 06 | Loss: 5.2837 | Val: 5.5749 | LR: 0.000380 | Time: 2433.72s
Epoch 07 | Loss: 4.7534 | Val: 5.1585 | LR: 0.000444 | Time: 1579.02s
Epoch 08 | Loss: 4.2592 | Val: 4.4313 | LR: 0.000486 | Time: 1644.57s
Epoch 09 | Loss: 3.7308 | Val: 3.9008 | LR: 0.000500 | Time: 1547.68s
Epoch 10 | Loss: 3.3225 | Val: 3.5968 | LR: 0.000497 | Time: 1511.09s
Epoch 11 | Loss: 2.9421 | Val: 3.2071 | LR: 0.000489 | Time: 1951.50s
Epoch 12 | Loss: 2.6337 | Val: 2.9654 | LR: 0.000475 | Time: 2546.92s
Epoch 13 | Loss: 2.5249 | Val: 4.6574 | LR: 0.000457 | Time: 2452.38s
Epoch 14 | Loss: 2.3257 | Val: 2.7370 | LR: 0.000433 | Time: 2628.75s
Epoch 15 | Loss: 2.1353 | Val: 2.6439 | LR: 0.000406 | Time: 1700.38s
Epoch 16 | Loss: 2.0333 | Val: 2.5454 | LR: 0.000375 | Time: 1605.69s
Epoch 17 | Loss: 1.9565 | Val: 2.4999 | LR: 0.000341 | Time: 1576.75s
Epoch 18 | Loss: 1.8984 | Val: 2.4344 | LR: 0.000306 | Time: 1639.73s
Epoch 19 | Loss: 1.8465 | Val: 2.4487 | LR: 0.000269 | Time: 1561.37s
Epoch 20 | Loss: 1.8090 | Val: 2.3877 | LR: 0.000231 | Time: 1528.32s
Epoch 21 | Loss: 1.7761 | Val: 2.3621 | LR: 0.000194 | Time: 1605.88s
Epoch 22 | Loss: 1.7450 | Val: 2.3372 | LR: 0.000159 | Time: 1698.19s
Epoch 23 | Loss: 1.7236 | Val: 2.3288 | LR: 0.000125 | Time: 1604.51s
Epoch 24 | Loss: 1.7017 | Val: 2.3097 | LR: 0.000094 | Time: 1551.94s
Epoch 25 | Loss: 1.6836 | Val: 2.2973 | LR: 0.000067 | Time: 1619.65s
Epoch 26 | Loss: 1.6733 | Val: 2.2913 | LR: 0.000043 | Time: 1575.10s
Epoch 27 | Loss: 1.6640 | Val: 2.2879 | LR: 0.000025 | Time: 1564.89s
Epoch 28 | Loss: 1.6610 | Val: 2.2809 | LR: 0.000011 | Time: 1585.01s
Epoch 29 | Loss: 1.6570 | Val: 2.2879 | LR: 0.000003 | Time: 1601.26s
Epoch 30 | Loss: 1.6537 | Val: 2.2856 | LR: 0.000000 | Time: 1657.81s
[TIMER] Phase 'model_training' completed in 55659.12s
[TIMER] Phase 'evaluation_deep' completed in 41.90s

--- FINAL EVALUATION (DEEP) ---
{
    "file": "20260125_1643_lstm_attention_sub50000.pt",
    "bleu": 0.8619619422311703,
    "rougeL": 0.9356489172653519,
    "eval_mode": "deep"
}

--- ALL PHASE DURATIONS ---
{
    "data_infrastructure": "0.01s",
    "model_training": "55659.12s",
    "evaluation_deep": "41.90s",
    "total_execution": "15:28:50.217934"
}

--- FINISHED ---
Total Duration: 15:28:50.217934
