PIPELINE_VERSION: 4.4.0-Origin
--- INFRASTRUCTURE ---
{
    "os": "Linux",
    "python": "3.12.12",
    "device": "Tesla T4",
    "vram_total": "15.83 GB"
}
[TIMER] Phase 'data_infrastructure' completed in 8.43s
[TIMER] Phase 'data_cleaning' completed in 0.45s
--- TOKENIZER ---
{
    "vocab_size": 20000,
    "status": "REUSED",
    "duration": "0.00s"
}
Epoch 01 | Loss: 8.7310 | Val: 7.9264 | LR: 0.000028 | Time: 263.20s
Epoch 02 | Loss: 7.4857 | Val: 7.6343 | LR: 0.000076 | Time: 264.85s
Epoch 03 | Loss: 7.0380 | Val: 7.4124 | LR: 0.000100 | Time: 265.03s
Epoch 04 | Loss: 6.7979 | Val: 7.2706 | LR: 0.000095 | Time: 264.68s
Epoch 05 | Loss: 6.6534 | Val: 7.1661 | LR: 0.000081 | Time: 264.98s
Epoch 06 | Loss: 6.5494 | Val: 7.1121 | LR: 0.000061 | Time: 264.54s
Epoch 07 | Loss: 6.4726 | Val: 7.0641 | LR: 0.000039 | Time: 264.61s
Epoch 08 | Loss: 6.4232 | Val: 7.0392 | LR: 0.000019 | Time: 264.68s
Epoch 09 | Loss: 6.3937 | Val: 7.0328 | LR: 0.000005 | Time: 264.74s
Epoch 10 | Loss: 6.3828 | Val: 7.0329 | LR: 0.000000 | Time: 264.71s
[TIMER] Phase 'model_training' completed in 2813.49s
[TIMER] Phase 'evaluation_fast' completed in 113.19s

--- FINAL EVALUATION (FAST) ---
{
    "file": "20260201_1547_transformer_sub50000.pt",
    "model": "transformer",
    "bleu": 0.0008833903811845728,
    "rougeL": 0.1052633190503133,
    "eval_mode": "fast"
}

--- ALL PHASE DURATIONS ---
{
    "data_infrastructure": "8.43s",
    "data_cleaning": "0.45s",
    "model_training": "2813.49s",
    "evaluation_fast": "113.19s",
    "total_execution": "0:49:47.790684"
}

--- FINISHED ---
Total Duration: 0:49:47.790684
